{"contracts\\interfaces\\ILiftoffEngine.sol":{"l":{},"path":"C:\\Users\\great\\repos\\liftoff-core-contracts\\contracts\\interfaces\\ILiftoffEngine.sol","s":{},"b":{},"f":{},"fnMap":{},"statementMap":{},"branchMap":{}},"contracts\\interfaces\\ILiftoffInsurance.sol":{"l":{},"path":"C:\\Users\\great\\repos\\liftoff-core-contracts\\contracts\\interfaces\\ILiftoffInsurance.sol","s":{},"b":{},"f":{},"fnMap":{},"statementMap":{},"branchMap":{}},"contracts\\interfaces\\ILiftoffRegistration.sol":{"l":{},"path":"C:\\Users\\great\\repos\\liftoff-core-contracts\\contracts\\interfaces\\ILiftoffRegistration.sol","s":{},"b":{},"f":{},"fnMap":{},"statementMap":{},"branchMap":{}},"contracts\\interfaces\\ILiftoffSettings.sol":{"l":{},"path":"C:\\Users\\great\\repos\\liftoff-core-contracts\\contracts\\interfaces\\ILiftoffSettings.sol","s":{},"b":{},"f":{},"fnMap":{},"statementMap":{},"branchMap":{}},"contracts\\interfaces\\ILiftoffSwap.sol":{"l":{},"path":"C:\\Users\\great\\repos\\liftoff-core-contracts\\contracts\\interfaces\\ILiftoffSwap.sol","s":{},"b":{},"f":{},"fnMap":{},"statementMap":{},"branchMap":{}},"contracts\\library\\BasisPoints.sol":{"l":{"12":0,"13":0,"17":0,"18":0,"19":0,"23":0,"24":0,"25":0,"29":0,"30":0,"31":0},"path":"C:\\Users\\great\\repos\\liftoff-core-contracts\\contracts\\library\\BasisPoints.sol","s":{"1":0,"2":0,"3":0,"4":0,"5":0,"6":0,"7":0,"8":0,"9":0,"10":0,"11":0,"12":0,"13":0,"14":0,"15":0,"16":0,"17":0},"b":{"1":[0,0],"2":[0,0],"3":[0,0],"4":[0,0],"5":[0,0],"6":[0,0],"7":[0,0]},"f":{"1":0,"2":0,"3":0,"4":0},"fnMap":{"1":{"name":"mulBP","line":11,"loc":{"start":{"line":11,"column":4},"end":{"line":14,"column":4}}},"2":{"name":"divBP","line":16,"loc":{"start":{"line":16,"column":4},"end":{"line":20,"column":4}}},"3":{"name":"addBP","line":22,"loc":{"start":{"line":22,"column":4},"end":{"line":26,"column":4}}},"4":{"name":"subBP","line":28,"loc":{"start":{"line":28,"column":4},"end":{"line":32,"column":4}}}},"statementMap":{"1":{"start":{"line":12,"column":8},"end":{"line":12,"column":30}},"2":{"start":{"line":12,"column":22},"end":{"line":12,"column":30}},"3":{"start":{"line":13,"column":8},"end":{"line":13,"column":44}},"4":{"start":{"line":17,"column":8},"end":{"line":17,"column":48}},"5":{"start":{"line":18,"column":8},"end":{"line":18,"column":30}},"6":{"start":{"line":18,"column":22},"end":{"line":18,"column":30}},"7":{"start":{"line":19,"column":8},"end":{"line":19,"column":44}},"8":{"start":{"line":23,"column":8},"end":{"line":23,"column":30}},"9":{"start":{"line":23,"column":22},"end":{"line":23,"column":30}},"10":{"start":{"line":24,"column":8},"end":{"line":24,"column":31}},"11":{"start":{"line":24,"column":21},"end":{"line":24,"column":31}},"12":{"start":{"line":25,"column":8},"end":{"line":25,"column":38}},"13":{"start":{"line":29,"column":8},"end":{"line":29,"column":30}},"14":{"start":{"line":29,"column":22},"end":{"line":29,"column":30}},"15":{"start":{"line":30,"column":8},"end":{"line":30,"column":31}},"16":{"start":{"line":30,"column":21},"end":{"line":30,"column":31}},"17":{"start":{"line":31,"column":8},"end":{"line":31,"column":38}}},"branchMap":{"1":{"line":12,"type":"if","locations":[{"start":{"line":12,"column":8},"end":{"line":12,"column":8}},{"start":{"line":12,"column":8},"end":{"line":12,"column":8}}]},"2":{"line":17,"type":"if","locations":[{"start":{"line":17,"column":8},"end":{"line":17,"column":8}},{"start":{"line":17,"column":8},"end":{"line":17,"column":8}}]},"3":{"line":18,"type":"if","locations":[{"start":{"line":18,"column":8},"end":{"line":18,"column":8}},{"start":{"line":18,"column":8},"end":{"line":18,"column":8}}]},"4":{"line":23,"type":"if","locations":[{"start":{"line":23,"column":8},"end":{"line":23,"column":8}},{"start":{"line":23,"column":8},"end":{"line":23,"column":8}}]},"5":{"line":24,"type":"if","locations":[{"start":{"line":24,"column":8},"end":{"line":24,"column":8}},{"start":{"line":24,"column":8},"end":{"line":24,"column":8}}]},"6":{"line":29,"type":"if","locations":[{"start":{"line":29,"column":8},"end":{"line":29,"column":8}},{"start":{"line":29,"column":8},"end":{"line":29,"column":8}}]},"7":{"line":30,"type":"if","locations":[{"start":{"line":30,"column":8},"end":{"line":30,"column":8}},{"start":{"line":30,"column":8},"end":{"line":30,"column":8}}]}}},"contracts\\LiftoffEngine.sol":{"l":{"67":0,"68":0,"69":0,"70":0,"76":0,"89":0,"90":0,"91":0,"92":0,"94":0,"96":0,"111":0,"113":0,"117":0,"118":0,"122":0,"124":0,"125":0,"127":0,"129":0,"133":0,"134":0,"138":0,"140":0,"141":0,"143":0,"147":0,"148":0,"150":0,"151":0,"153":0,"154":0,"156":0,"157":0,"159":0,"163":0,"165":0,"175":0,"177":0,"178":0,"179":0,"181":0,"185":0,"186":0,"188":0,"196":0,"197":0,"199":0,"204":0,"219":0,"221":0,"222":0,"223":0,"224":0,"225":0,"226":0,"227":0,"228":0,"229":0,"230":0,"239":0,"240":0,"241":0,"242":0,"243":0,"253":0,"258":0,"260":0,"270":0,"275":0,"277":0,"286":0,"290":0,"292":0,"301":0,"305":0,"307":0,"308":0,"310":0,"315":0,"318":0,"322":0,"330":0,"331":0,"332":0,"334":0,"343":0,"345":0,"349":0,"350":0,"351":0,"357":0,"358":0,"359":0,"360":0,"361":0,"363":0,"368":0,"369":0,"370":0},"path":"C:\\Users\\great\\repos\\liftoff-core-contracts\\contracts\\LiftoffEngine.sol","s":{"1":0,"2":0,"3":0,"4":0,"5":0,"6":0,"7":0,"8":0,"9":0,"10":0,"11":0,"12":0,"13":0,"14":0,"15":0,"16":0,"17":0,"18":0,"19":0,"20":0,"21":0,"22":0,"23":0,"24":0,"25":0,"26":0,"27":0,"28":0,"29":0,"30":0,"31":0,"32":0,"33":0,"34":0,"35":0,"36":0,"37":0,"38":0,"39":0,"40":0,"41":0,"42":0,"43":0,"44":0,"45":0,"46":0,"47":0,"48":0,"49":0,"50":0,"51":0,"52":0,"53":0,"54":0,"55":0,"56":0,"57":0,"58":0,"59":0,"60":0,"61":0,"62":0,"63":0,"64":0,"65":0,"66":0,"67":0,"68":0,"69":0,"70":0,"71":0,"72":0,"73":0,"74":0,"75":0,"76":0,"77":0,"78":0,"79":0,"80":0,"81":0,"82":0,"83":0,"84":0,"85":0,"86":0,"87":0,"88":0,"89":0,"90":0,"91":0,"92":0,"93":0,"94":0,"95":0,"96":0,"97":0,"98":0,"99":0},"b":{"1":[0,0],"2":[0,0],"3":[0,0],"4":[0,0],"5":[0,0],"6":[0,0],"7":[0,0],"8":[0,0],"9":[0,0],"10":[0,0],"11":[0,0],"12":[0,0],"13":[0,0],"14":[0,0],"15":[0,0],"16":[0,0],"17":[0,0],"18":[0,0],"19":[0,0]},"f":{"1":0,"2":0,"3":0,"4":0,"5":0,"6":0,"7":0,"8":0,"9":0,"10":0,"11":0,"12":0,"13":0,"14":0,"15":0,"16":0,"17":0,"18":0,"19":0},"fnMap":{"1":{"name":"initialize","line":66,"loc":{"start":{"line":64,"column":2},"end":{"line":71,"column":2}}},"2":{"name":"setLiftoffSettings","line":75,"loc":{"start":{"line":73,"column":2},"end":{"line":77,"column":2}}},"3":{"name":"launchToken","line":88,"loc":{"start":{"line":79,"column":2},"end":{"line":114,"column":2}}},"4":{"name":"igniteEth","line":116,"loc":{"start":{"line":116,"column":2},"end":{"line":130,"column":2}}},"5":{"name":"ignite","line":132,"loc":{"start":{"line":132,"column":2},"end":{"line":144,"column":2}}},"6":{"name":"claimReward","line":146,"loc":{"start":{"line":146,"column":2},"end":{"line":160,"column":2}}},"7":{"name":"spark","line":162,"loc":{"start":{"line":162,"column":2},"end":{"line":182,"column":2}}},"8":{"name":"claimRefund","line":184,"loc":{"start":{"line":184,"column":2},"end":{"line":205,"column":2}}},"9":{"name":"getTokenSale","line":207,"loc":{"start":{"line":207,"column":2},"end":{"line":231,"column":2}}},"10":{"name":"getTokenSaleForInsurance","line":233,"loc":{"start":{"line":233,"column":2},"end":{"line":244,"column":2}}},"11":{"name":"isSparkReady","line":246,"loc":{"start":{"line":246,"column":2},"end":{"line":262,"column":2}}},"12":{"name":"isIgniting","line":264,"loc":{"start":{"line":264,"column":2},"end":{"line":279,"column":2}}},"13":{"name":"isRefunding","line":281,"loc":{"start":{"line":281,"column":2},"end":{"line":294,"column":2}}},"14":{"name":"getReward","line":296,"loc":{"start":{"line":296,"column":2},"end":{"line":302,"column":2}}},"15":{"name":"getAmountToIgnite","line":304,"loc":{"start":{"line":304,"column":2},"end":{"line":312,"column":2}}},"16":{"name":"_deployViaXLock","line":314,"loc":{"start":{"line":314,"column":2},"end":{"line":346,"column":2}}},"17":{"name":"_allocateTokensPostDeploy","line":348,"loc":{"start":{"line":348,"column":2},"end":{"line":354,"column":2}}},"18":{"name":"_insuranceRegistration","line":356,"loc":{"start":{"line":356,"column":2},"end":{"line":365,"column":2}}},"19":{"name":"_addIgnite","line":367,"loc":{"start":{"line":367,"column":2},"end":{"line":371,"column":2}}}},"statementMap":{"1":{"start":{"line":67,"column":4},"end":{"line":67,"column":38}},"2":{"start":{"line":68,"column":4},"end":{"line":68,"column":40}},"3":{"start":{"line":69,"column":4},"end":{"line":69,"column":54}},"4":{"start":{"line":70,"column":4},"end":{"line":70,"column":37}},"5":{"start":{"line":76,"column":4},"end":{"line":76,"column":37}},"6":{"start":{"line":89,"column":4},"end":{"line":89,"column":89}},"7":{"start":{"line":90,"column":4},"end":{"line":90,"column":57}},"8":{"start":{"line":91,"column":4},"end":{"line":91,"column":56}},"9":{"start":{"line":92,"column":4},"end":{"line":92,"column":68}},"10":{"start":{"line":94,"column":4},"end":{"line":94,"column":28}},"11":{"start":{"line":96,"column":4},"end":{"line":96,"column":3171}},"12":{"start":{"line":113,"column":4},"end":{"line":113,"column":114}},"13":{"start":{"line":117,"column":4},"end":{"line":117,"column":54}},"14":{"start":{"line":118,"column":4},"end":{"line":118,"column":3825}},"15":{"start":{"line":122,"column":4},"end":{"line":122,"column":91}},"16":{"start":{"line":124,"column":4},"end":{"line":124,"column":61}},"17":{"start":{"line":125,"column":4},"end":{"line":125,"column":46}},"18":{"start":{"line":127,"column":4},"end":{"line":127,"column":47}},"19":{"start":{"line":129,"column":4},"end":{"line":129,"column":51}},"20":{"start":{"line":133,"column":4},"end":{"line":133,"column":54}},"21":{"start":{"line":134,"column":4},"end":{"line":134,"column":4460}},"22":{"start":{"line":138,"column":4},"end":{"line":138,"column":93}},"23":{"start":{"line":140,"column":4},"end":{"line":140,"column":113}},"24":{"start":{"line":141,"column":4},"end":{"line":141,"column":40}},"25":{"start":{"line":143,"column":4},"end":{"line":143,"column":45}},"26":{"start":{"line":147,"column":4},"end":{"line":147,"column":54}},"27":{"start":{"line":148,"column":4},"end":{"line":148,"column":54}},"28":{"start":{"line":150,"column":4},"end":{"line":150,"column":64}},"29":{"start":{"line":151,"column":4},"end":{"line":151,"column":62}},"30":{"start":{"line":153,"column":4},"end":{"line":153,"column":92}},"31":{"start":{"line":154,"column":4},"end":{"line":154,"column":58}},"32":{"start":{"line":156,"column":4},"end":{"line":156,"column":28}},"33":{"start":{"line":157,"column":4},"end":{"line":157,"column":80}},"34":{"start":{"line":159,"column":4},"end":{"line":159,"column":48}},"35":{"start":{"line":163,"column":4},"end":{"line":163,"column":54}},"36":{"start":{"line":165,"column":4},"end":{"line":165,"column":5735}},"37":{"start":{"line":175,"column":4},"end":{"line":175,"column":29}},"38":{"start":{"line":177,"column":4},"end":{"line":177,"column":45}},"39":{"start":{"line":178,"column":4},"end":{"line":178,"column":39}},"40":{"start":{"line":179,"column":4},"end":{"line":179,"column":59}},"41":{"start":{"line":181,"column":4},"end":{"line":181,"column":72}},"42":{"start":{"line":185,"column":4},"end":{"line":185,"column":54}},"43":{"start":{"line":186,"column":4},"end":{"line":186,"column":54}},"44":{"start":{"line":188,"column":4},"end":{"line":188,"column":6450}},"45":{"start":{"line":196,"column":4},"end":{"line":196,"column":64}},"46":{"start":{"line":197,"column":4},"end":{"line":197,"column":29}},"47":{"start":{"line":199,"column":4},"end":{"line":199,"column":6710}},"48":{"start":{"line":204,"column":4},"end":{"line":204,"column":40}},"49":{"start":{"line":219,"column":4},"end":{"line":219,"column":54}},"50":{"start":{"line":221,"column":4},"end":{"line":221,"column":34}},"51":{"start":{"line":222,"column":4},"end":{"line":222,"column":30}},"52":{"start":{"line":223,"column":4},"end":{"line":223,"column":30}},"53":{"start":{"line":224,"column":4},"end":{"line":224,"column":30}},"54":{"start":{"line":225,"column":4},"end":{"line":225,"column":40}},"55":{"start":{"line":226,"column":4},"end":{"line":226,"column":38}},"56":{"start":{"line":227,"column":4},"end":{"line":227,"column":40}},"57":{"start":{"line":228,"column":4},"end":{"line":228,"column":36}},"58":{"start":{"line":229,"column":4},"end":{"line":229,"column":32}},"59":{"start":{"line":230,"column":4},"end":{"line":230,"column":34}},"60":{"start":{"line":239,"column":4},"end":{"line":239,"column":54}},"61":{"start":{"line":240,"column":4},"end":{"line":240,"column":40}},"62":{"start":{"line":241,"column":4},"end":{"line":241,"column":40}},"63":{"start":{"line":242,"column":4},"end":{"line":242,"column":36}},"64":{"start":{"line":243,"column":4},"end":{"line":243,"column":32}},"65":{"start":{"line":253,"column":4},"end":{"line":253,"column":8221}},"66":{"start":{"line":258,"column":6},"end":{"line":258,"column":18}},"67":{"start":{"line":260,"column":6},"end":{"line":260,"column":17}},"68":{"start":{"line":270,"column":4},"end":{"line":270,"column":8560}},"69":{"start":{"line":275,"column":6},"end":{"line":275,"column":18}},"70":{"start":{"line":277,"column":6},"end":{"line":277,"column":17}},"71":{"start":{"line":286,"column":4},"end":{"line":286,"column":8860}},"72":{"start":{"line":290,"column":6},"end":{"line":290,"column":18}},"73":{"start":{"line":292,"column":6},"end":{"line":292,"column":17}},"74":{"start":{"line":301,"column":4},"end":{"line":301,"column":54}},"75":{"start":{"line":305,"column":4},"end":{"line":305,"column":46}},"76":{"start":{"line":307,"column":4},"end":{"line":307,"column":9375}},"77":{"start":{"line":308,"column":6},"end":{"line":308,"column":25}},"78":{"start":{"line":310,"column":6},"end":{"line":310,"column":26}},"79":{"start":{"line":315,"column":4},"end":{"line":315,"column":9623}},"80":{"start":{"line":318,"column":4},"end":{"line":318,"column":9722}},"81":{"start":{"line":322,"column":4},"end":{"line":322,"column":9815}},"82":{"start":{"line":330,"column":4},"end":{"line":330,"column":44}},"83":{"start":{"line":331,"column":4},"end":{"line":331,"column":38}},"84":{"start":{"line":332,"column":4},"end":{"line":332,"column":21}},"85":{"start":{"line":334,"column":4},"end":{"line":334,"column":10131}},"86":{"start":{"line":343,"column":4},"end":{"line":343,"column":32}},"87":{"start":{"line":345,"column":4},"end":{"line":345,"column":18}},"88":{"start":{"line":349,"column":4},"end":{"line":349,"column":48}},"89":{"start":{"line":350,"column":4},"end":{"line":350,"column":52}},"90":{"start":{"line":351,"column":4},"end":{"line":351,"column":10565}},"91":{"start":{"line":357,"column":4},"end":{"line":357,"column":48}},"92":{"start":{"line":358,"column":4},"end":{"line":358,"column":84}},"93":{"start":{"line":359,"column":4},"end":{"line":359,"column":68}},"94":{"start":{"line":360,"column":4},"end":{"line":360,"column":51}},"95":{"start":{"line":361,"column":4},"end":{"line":361,"column":100}},"96":{"start":{"line":363,"column":4},"end":{"line":363,"column":11170}},"97":{"start":{"line":368,"column":4},"end":{"line":368,"column":54}},"98":{"start":{"line":369,"column":4},"end":{"line":369,"column":50}},"99":{"start":{"line":370,"column":4},"end":{"line":370,"column":64}}},"branchMap":{"1":{"line":89,"type":"if","locations":[{"start":{"line":89,"column":4},"end":{"line":89,"column":4}},{"start":{"line":89,"column":4},"end":{"line":89,"column":4}}]},"2":{"line":90,"type":"if","locations":[{"start":{"line":90,"column":4},"end":{"line":90,"column":4}},{"start":{"line":90,"column":4},"end":{"line":90,"column":4}}]},"3":{"line":91,"type":"if","locations":[{"start":{"line":91,"column":4},"end":{"line":91,"column":4}},{"start":{"line":91,"column":4},"end":{"line":91,"column":4}}]},"4":{"line":92,"type":"if","locations":[{"start":{"line":92,"column":4},"end":{"line":92,"column":4}},{"start":{"line":92,"column":4},"end":{"line":92,"column":4}}]},"5":{"line":118,"type":"if","locations":[{"start":{"line":118,"column":4},"end":{"line":118,"column":4}},{"start":{"line":118,"column":4},"end":{"line":118,"column":4}}]},"6":{"line":134,"type":"if","locations":[{"start":{"line":134,"column":4},"end":{"line":134,"column":4}},{"start":{"line":134,"column":4},"end":{"line":134,"column":4}}]},"7":{"line":140,"type":"if","locations":[{"start":{"line":140,"column":4},"end":{"line":140,"column":4}},{"start":{"line":140,"column":4},"end":{"line":140,"column":4}}]},"8":{"line":150,"type":"if","locations":[{"start":{"line":150,"column":4},"end":{"line":150,"column":4}},{"start":{"line":150,"column":4},"end":{"line":150,"column":4}}]},"9":{"line":151,"type":"if","locations":[{"start":{"line":151,"column":4},"end":{"line":151,"column":4}},{"start":{"line":151,"column":4},"end":{"line":151,"column":4}}]},"10":{"line":154,"type":"if","locations":[{"start":{"line":154,"column":4},"end":{"line":154,"column":4}},{"start":{"line":154,"column":4},"end":{"line":154,"column":4}}]},"11":{"line":157,"type":"if","locations":[{"start":{"line":157,"column":4},"end":{"line":157,"column":4}},{"start":{"line":157,"column":4},"end":{"line":157,"column":4}}]},"12":{"line":165,"type":"if","locations":[{"start":{"line":165,"column":4},"end":{"line":165,"column":4}},{"start":{"line":165,"column":4},"end":{"line":165,"column":4}}]},"13":{"line":188,"type":"if","locations":[{"start":{"line":188,"column":4},"end":{"line":188,"column":4}},{"start":{"line":188,"column":4},"end":{"line":188,"column":4}}]},"14":{"line":196,"type":"if","locations":[{"start":{"line":196,"column":4},"end":{"line":196,"column":4}},{"start":{"line":196,"column":4},"end":{"line":196,"column":4}}]},"15":{"line":199,"type":"if","locations":[{"start":{"line":199,"column":4},"end":{"line":199,"column":4}},{"start":{"line":199,"column":4},"end":{"line":199,"column":4}}]},"16":{"line":253,"type":"if","locations":[{"start":{"line":253,"column":4},"end":{"line":253,"column":4}},{"start":{"line":253,"column":4},"end":{"line":253,"column":4}}]},"17":{"line":270,"type":"if","locations":[{"start":{"line":270,"column":4},"end":{"line":270,"column":4}},{"start":{"line":270,"column":4},"end":{"line":270,"column":4}}]},"18":{"line":286,"type":"if","locations":[{"start":{"line":286,"column":4},"end":{"line":286,"column":4}},{"start":{"line":286,"column":4},"end":{"line":286,"column":4}}]},"19":{"line":307,"type":"if","locations":[{"start":{"line":307,"column":4},"end":{"line":307,"column":4}},{"start":{"line":307,"column":4},"end":{"line":307,"column":4}}]}}},"contracts\\LiftoffInsurance.sol":{"l":{"60":0,"61":0,"62":0,"63":0,"69":0,"73":0,"74":0,"75":0,"77":0,"81":0,"82":0,"84":0,"85":0,"86":0,"87":0,"90":0,"92":0,"93":0,"95":0,"96":0,"97":0,"99":0,"107":0,"114":0,"117":0,"119":0,"127":0,"128":0,"130":0,"134":0,"135":0,"136":0,"138":0,"142":0,"145":0,"147":0,"148":0,"149":0,"156":0,"158":0,"160":0,"162":0,"169":0,"170":0,"171":0,"172":0,"174":0,"176":0,"179":0,"182":0,"187":0,"188":0,"189":0,"190":0,"191":0,"193":0,"195":0,"200":0,"204":0,"205":0,"207":0,"214":0,"216":0,"238":0},"path":"C:\\Users\\great\\repos\\liftoff-core-contracts\\contracts\\LiftoffInsurance.sol","s":{"1":0,"2":0,"3":0,"4":0,"5":0,"6":0,"7":0,"8":0,"9":0,"10":0,"11":0,"12":0,"13":0,"14":0,"15":0,"16":0,"17":0,"18":0,"19":0,"20":0,"21":0,"22":0,"23":0,"24":0,"25":0,"26":0,"27":0,"28":0,"29":0,"30":0,"31":0,"32":0,"33":0,"34":0,"35":0,"36":0,"37":0,"38":0,"39":0,"40":0,"41":0,"42":0,"43":0,"44":0,"45":0,"46":0,"47":0,"48":0,"49":0,"50":0,"51":0,"52":0,"53":0,"54":0,"55":0,"56":0,"57":0,"58":0,"59":0,"60":0,"61":0,"62":0,"63":0,"64":0,"65":0},"b":{"1":[0,0],"2":[0,0],"3":[0,0],"4":[0,0],"5":[0,0],"6":[0,0],"7":[0,0],"8":[0,0],"9":[0,0],"10":[0,0],"11":[0,0],"12":[0,0],"13":[0,0],"14":[0,0],"15":[0,0],"16":[0,0],"17":[0,0],"18":[0,0],"19":[0,0],"20":[0,0],"21":[0,0]},"f":{"1":0,"2":0,"3":0,"4":0,"5":0,"6":0},"fnMap":{"1":{"name":"initialize","line":59,"loc":{"start":{"line":57,"column":2},"end":{"line":64,"column":2}}},"2":{"name":"setLiftoffSettings","line":68,"loc":{"start":{"line":66,"column":2},"end":{"line":70,"column":2}}},"3":{"name":"register","line":72,"loc":{"start":{"line":72,"column":2},"end":{"line":78,"column":2}}},"4":{"name":"redeem","line":80,"loc":{"start":{"line":80,"column":2},"end":{"line":131,"column":2}}},"5":{"name":"claim","line":133,"loc":{"start":{"line":133,"column":2},"end":{"line":201,"column":2}}},"6":{"name":"createInsurance","line":203,"loc":{"start":{"line":203,"column":2},"end":{"line":240,"column":2}}}},"statementMap":{"1":{"start":{"line":60,"column":4},"end":{"line":60,"column":38}},"2":{"start":{"line":61,"column":4},"end":{"line":61,"column":40}},"3":{"start":{"line":62,"column":4},"end":{"line":62,"column":54}},"4":{"start":{"line":63,"column":4},"end":{"line":63,"column":37}},"5":{"start":{"line":69,"column":4},"end":{"line":69,"column":37}},"6":{"start":{"line":73,"column":4},"end":{"line":73,"column":62}},"7":{"start":{"line":74,"column":4},"end":{"line":74,"column":72}},"8":{"start":{"line":75,"column":4},"end":{"line":75,"column":41}},"9":{"start":{"line":77,"column":4},"end":{"line":77,"column":31}},"10":{"start":{"line":81,"column":4},"end":{"line":81,"column":73}},"11":{"start":{"line":82,"column":4},"end":{"line":82,"column":77}},"12":{"start":{"line":84,"column":4},"end":{"line":84,"column":50}},"13":{"start":{"line":85,"column":4},"end":{"line":85,"column":49}},"14":{"start":{"line":86,"column":4},"end":{"line":86,"column":56}},"15":{"start":{"line":87,"column":4},"end":{"line":87,"column":3211}},"16":{"start":{"line":90,"column":4},"end":{"line":90,"column":76}},"17":{"start":{"line":92,"column":4},"end":{"line":92,"column":84}},"18":{"start":{"line":93,"column":4},"end":{"line":93,"column":85}},"19":{"start":{"line":95,"column":4},"end":{"line":95,"column":44}},"20":{"start":{"line":96,"column":4},"end":{"line":96,"column":27}},"21":{"start":{"line":97,"column":4},"end":{"line":97,"column":26}},"22":{"start":{"line":99,"column":4},"end":{"line":99,"column":3651}},"23":{"start":{"line":107,"column":4},"end":{"line":107,"column":3943}},"24":{"start":{"line":114,"column":6},"end":{"line":114,"column":36}},"25":{"start":{"line":117,"column":4},"end":{"line":117,"column":4276}},"26":{"start":{"line":119,"column":6},"end":{"line":119,"column":4401}},"27":{"start":{"line":127,"column":4},"end":{"line":127,"column":75}},"28":{"start":{"line":128,"column":4},"end":{"line":128,"column":39}},"29":{"start":{"line":130,"column":4},"end":{"line":130,"column":40}},"30":{"start":{"line":134,"column":4},"end":{"line":134,"column":73}},"31":{"start":{"line":135,"column":4},"end":{"line":135,"column":77}},"32":{"start":{"line":136,"column":4},"end":{"line":136,"column":68}},"33":{"start":{"line":138,"column":4},"end":{"line":138,"column":5177}},"34":{"start":{"line":142,"column":4},"end":{"line":142,"column":49}},"35":{"start":{"line":145,"column":4},"end":{"line":145,"column":51}},"36":{"start":{"line":147,"column":4},"end":{"line":147,"column":5408}},"37":{"start":{"line":148,"column":6},"end":{"line":148,"column":71}},"38":{"start":{"line":149,"column":6},"end":{"line":149,"column":5531}},"39":{"start":{"line":156,"column":6},"end":{"line":156,"column":44}},"40":{"start":{"line":158,"column":6},"end":{"line":158,"column":37}},"41":{"start":{"line":160,"column":6},"end":{"line":160,"column":12}},"42":{"start":{"line":162,"column":4},"end":{"line":162,"column":68}},"43":{"start":{"line":169,"column":4},"end":{"line":169,"column":72}},"44":{"start":{"line":170,"column":4},"end":{"line":170,"column":60}},"45":{"start":{"line":171,"column":4},"end":{"line":171,"column":71}},"46":{"start":{"line":171,"column":40},"end":{"line":171,"column":70}},"47":{"start":{"line":172,"column":4},"end":{"line":172,"column":71}},"48":{"start":{"line":174,"column":4},"end":{"line":174,"column":78}},"49":{"start":{"line":176,"column":4},"end":{"line":176,"column":6550}},"50":{"start":{"line":179,"column":4},"end":{"line":179,"column":6713}},"51":{"start":{"line":182,"column":4},"end":{"line":182,"column":6882}},"52":{"start":{"line":187,"column":4},"end":{"line":187,"column":63}},"53":{"start":{"line":188,"column":4},"end":{"line":188,"column":70}},"54":{"start":{"line":189,"column":4},"end":{"line":189,"column":7218}},"55":{"start":{"line":190,"column":6},"end":{"line":190,"column":46}},"56":{"start":{"line":191,"column":4},"end":{"line":191,"column":89}},"57":{"start":{"line":193,"column":4},"end":{"line":193,"column":99}},"58":{"start":{"line":195,"column":4},"end":{"line":195,"column":7524}},"59":{"start":{"line":200,"column":4},"end":{"line":200,"column":65}},"60":{"start":{"line":204,"column":4},"end":{"line":204,"column":82}},"61":{"start":{"line":205,"column":4},"end":{"line":205,"column":72}},"62":{"start":{"line":207,"column":4},"end":{"line":207,"column":8059}},"63":{"start":{"line":214,"column":4},"end":{"line":214,"column":93}},"64":{"start":{"line":216,"column":4},"end":{"line":216,"column":8282}},"65":{"start":{"line":238,"column":4},"end":{"line":238,"column":9053}}},"branchMap":{"1":{"line":74,"type":"if","locations":[{"start":{"line":74,"column":4},"end":{"line":74,"column":4}},{"start":{"line":74,"column":4},"end":{"line":74,"column":4}}]},"2":{"line":82,"type":"if","locations":[{"start":{"line":82,"column":4},"end":{"line":82,"column":4}},{"start":{"line":82,"column":4},"end":{"line":82,"column":4}}]},"3":{"line":87,"type":"if","locations":[{"start":{"line":87,"column":4},"end":{"line":87,"column":4}},{"start":{"line":87,"column":4},"end":{"line":87,"column":4}}]},"4":{"line":93,"type":"if","locations":[{"start":{"line":93,"column":4},"end":{"line":93,"column":4}},{"start":{"line":93,"column":4},"end":{"line":93,"column":4}}]},"5":{"line":99,"type":"if","locations":[{"start":{"line":99,"column":4},"end":{"line":99,"column":4}},{"start":{"line":99,"column":4},"end":{"line":99,"column":4}}]},"6":{"line":107,"type":"if","locations":[{"start":{"line":107,"column":4},"end":{"line":107,"column":4}},{"start":{"line":107,"column":4},"end":{"line":107,"column":4}}]},"7":{"line":117,"type":"if","locations":[{"start":{"line":117,"column":4},"end":{"line":117,"column":4}},{"start":{"line":117,"column":4},"end":{"line":117,"column":4}}]},"8":{"line":135,"type":"if","locations":[{"start":{"line":135,"column":4},"end":{"line":135,"column":4}},{"start":{"line":135,"column":4},"end":{"line":135,"column":4}}]},"9":{"line":136,"type":"if","locations":[{"start":{"line":136,"column":4},"end":{"line":136,"column":4}},{"start":{"line":136,"column":4},"end":{"line":136,"column":4}}]},"10":{"line":147,"type":"if","locations":[{"start":{"line":147,"column":4},"end":{"line":147,"column":4}},{"start":{"line":147,"column":4},"end":{"line":147,"column":4}}]},"11":{"line":149,"type":"if","locations":[{"start":{"line":149,"column":6},"end":{"line":149,"column":6}},{"start":{"line":149,"column":6},"end":{"line":149,"column":6}}]},"12":{"line":162,"type":"if","locations":[{"start":{"line":162,"column":4},"end":{"line":162,"column":4}},{"start":{"line":162,"column":4},"end":{"line":162,"column":4}}]},"13":{"line":171,"type":"if","locations":[{"start":{"line":171,"column":4},"end":{"line":171,"column":4}},{"start":{"line":171,"column":4},"end":{"line":171,"column":4}}]},"14":{"line":176,"type":"if","locations":[{"start":{"line":176,"column":4},"end":{"line":176,"column":4}},{"start":{"line":176,"column":4},"end":{"line":176,"column":4}}]},"15":{"line":179,"type":"if","locations":[{"start":{"line":179,"column":4},"end":{"line":179,"column":4}},{"start":{"line":179,"column":4},"end":{"line":179,"column":4}}]},"16":{"line":182,"type":"if","locations":[{"start":{"line":182,"column":4},"end":{"line":182,"column":4}},{"start":{"line":182,"column":4},"end":{"line":182,"column":4}}]},"17":{"line":189,"type":"if","locations":[{"start":{"line":189,"column":4},"end":{"line":189,"column":4}},{"start":{"line":189,"column":4},"end":{"line":189,"column":4}}]},"18":{"line":195,"type":"if","locations":[{"start":{"line":195,"column":4},"end":{"line":195,"column":4}},{"start":{"line":195,"column":4},"end":{"line":195,"column":4}}]},"19":{"line":204,"type":"if","locations":[{"start":{"line":204,"column":4},"end":{"line":204,"column":4}},{"start":{"line":204,"column":4},"end":{"line":204,"column":4}}]},"20":{"line":205,"type":"if","locations":[{"start":{"line":205,"column":4},"end":{"line":205,"column":4}},{"start":{"line":205,"column":4},"end":{"line":205,"column":4}}]},"21":{"line":214,"type":"if","locations":[{"start":{"line":214,"column":4},"end":{"line":214,"column":4}},{"start":{"line":214,"column":4},"end":{"line":214,"column":4}}]}}},"contracts\\LiftoffRegistration.sol":{"l":{"25":3,"26":3,"27":3,"28":3,"40":3,"41":2,"42":1,"44":0,"55":0,"57":0,"61":3,"65":3,"66":3,"70":3},"path":"C:\\Users\\great\\repos\\liftoff-core-contracts\\contracts\\LiftoffRegistration.sol","s":{"1":3,"2":3,"3":3,"4":3,"5":3,"6":2,"7":1,"8":0,"9":0,"10":0,"11":3,"12":3,"13":3,"14":3},"b":{"1":[2,1],"2":[1,1],"3":[0,1]},"f":{"1":3,"2":3,"3":3,"4":3,"5":3},"fnMap":{"1":{"name":"initialize","line":24,"loc":{"start":{"line":19,"column":4},"end":{"line":29,"column":4}}},"2":{"name":"registerProject","line":31,"loc":{"start":{"line":31,"column":4},"end":{"line":58,"column":4}}},"3":{"name":"setSoftCapTimer","line":60,"loc":{"start":{"line":60,"column":4},"end":{"line":62,"column":4}}},"4":{"name":"setLaunchTimeWindow","line":64,"loc":{"start":{"line":64,"column":4},"end":{"line":67,"column":4}}},"5":{"name":"setLiftoffEngine","line":69,"loc":{"start":{"line":69,"column":4},"end":{"line":71,"column":4}}}},"statementMap":{"1":{"start":{"line":25,"column":8},"end":{"line":25,"column":42}},"2":{"start":{"line":26,"column":8},"end":{"line":26,"column":62}},"3":{"start":{"line":27,"column":8},"end":{"line":27,"column":39}},"4":{"start":{"line":28,"column":8},"end":{"line":28,"column":37}},"5":{"start":{"line":40,"column":8},"end":{"line":40,"column":107}},"6":{"start":{"line":41,"column":8},"end":{"line":41,"column":106}},"7":{"start":{"line":42,"column":8},"end":{"line":42,"column":101}},"8":{"start":{"line":44,"column":8},"end":{"line":44,"column":1594}},"9":{"start":{"line":55,"column":8},"end":{"line":55,"column":42}},"10":{"start":{"line":57,"column":8},"end":{"line":57,"column":45}},"11":{"start":{"line":61,"column":8},"end":{"line":61,"column":30}},"12":{"start":{"line":65,"column":8},"end":{"line":65,"column":27}},"13":{"start":{"line":66,"column":8},"end":{"line":66,"column":27}},"14":{"start":{"line":70,"column":8},"end":{"line":70,"column":37}}},"branchMap":{"1":{"line":40,"type":"if","locations":[{"start":{"line":40,"column":8},"end":{"line":40,"column":8}},{"start":{"line":40,"column":8},"end":{"line":40,"column":8}}]},"2":{"line":41,"type":"if","locations":[{"start":{"line":41,"column":8},"end":{"line":41,"column":8}},{"start":{"line":41,"column":8},"end":{"line":41,"column":8}}]},"3":{"line":42,"type":"if","locations":[{"start":{"line":42,"column":8},"end":{"line":42,"column":8}},{"start":{"line":42,"column":8},"end":{"line":42,"column":8}}]}}},"contracts\\LiftoffSettings.sol":{"l":{"45":3,"49":1,"51":1,"54":1,"58":1,"60":1,"63":1,"67":1,"69":1,"72":1,"76":1,"78":1,"81":1,"85":1,"87":1,"90":1,"94":1,"96":1,"99":1,"103":1,"105":1,"108":1,"112":1,"114":1,"118":1,"122":1,"124":1,"127":1,"131":1,"133":1,"136":1,"140":1,"142":1,"145":1,"155":2,"164":1,"165":1,"166":1,"167":1,"168":1,"170":1,"173":1,"176":1,"179":1,"182":1,"185":1},"path":"C:\\Users\\great\\repos\\liftoff-core-contracts\\contracts\\LiftoffSettings.sol","s":{"1":3,"2":1,"3":1,"4":1,"5":1,"6":1,"7":1,"8":1,"9":1,"10":1,"11":1,"12":1,"13":1,"14":1,"15":1,"16":1,"17":1,"18":1,"19":1,"20":1,"21":1,"22":1,"23":1,"24":1,"25":1,"26":1,"27":1,"28":1,"29":1,"30":1,"31":1,"32":1,"33":1,"34":1,"35":2,"36":1,"37":1,"38":1,"39":1,"40":1,"41":1,"42":1,"43":1,"44":1,"45":1,"46":1},"b":{"1":[1,1]},"f":{"1":3,"2":1,"3":1,"4":1,"5":1,"6":1,"7":1,"8":1,"9":1,"10":1,"11":1,"12":1,"13":1,"14":1,"15":1,"16":1,"17":1,"18":1,"19":1,"20":1,"21":1,"22":1,"23":1,"24":2,"25":1,"26":1,"27":1,"28":1,"29":1},"fnMap":{"1":{"name":"initialize","line":44,"loc":{"start":{"line":43,"column":2},"end":{"line":46,"column":2}}},"2":{"name":"setEthXLockBP","line":48,"loc":{"start":{"line":48,"column":2},"end":{"line":52,"column":2}}},"3":{"name":"getEthXLockBP","line":53,"loc":{"start":{"line":53,"column":2},"end":{"line":55,"column":2}}},"4":{"name":"setTokenUserBP","line":57,"loc":{"start":{"line":57,"column":2},"end":{"line":61,"column":2}}},"5":{"name":"getTokenUserBP","line":62,"loc":{"start":{"line":62,"column":2},"end":{"line":64,"column":2}}},"6":{"name":"setLiftoffInsurance","line":66,"loc":{"start":{"line":66,"column":2},"end":{"line":70,"column":2}}},"7":{"name":"getLiftoffInsurance","line":71,"loc":{"start":{"line":71,"column":2},"end":{"line":73,"column":2}}},"8":{"name":"setLiftoffLauncher","line":75,"loc":{"start":{"line":75,"column":2},"end":{"line":79,"column":2}}},"9":{"name":"getLiftoffLauncher","line":80,"loc":{"start":{"line":80,"column":2},"end":{"line":82,"column":2}}},"10":{"name":"setLiftoffEngine","line":84,"loc":{"start":{"line":84,"column":2},"end":{"line":88,"column":2}}},"11":{"name":"getLiftoffEngine","line":89,"loc":{"start":{"line":89,"column":2},"end":{"line":91,"column":2}}},"12":{"name":"setXEth","line":93,"loc":{"start":{"line":93,"column":2},"end":{"line":97,"column":2}}},"13":{"name":"getXEth","line":98,"loc":{"start":{"line":98,"column":2},"end":{"line":100,"column":2}}},"14":{"name":"setXLocker","line":102,"loc":{"start":{"line":102,"column":2},"end":{"line":106,"column":2}}},"15":{"name":"getXLocker","line":107,"loc":{"start":{"line":107,"column":2},"end":{"line":109,"column":2}}},"16":{"name":"setUniswapRouter","line":111,"loc":{"start":{"line":111,"column":2},"end":{"line":115,"column":2}}},"17":{"name":"getUniswapRouter","line":117,"loc":{"start":{"line":117,"column":2},"end":{"line":119,"column":2}}},"18":{"name":"setInsurancePeriod","line":121,"loc":{"start":{"line":121,"column":2},"end":{"line":125,"column":2}}},"19":{"name":"getInsurancePeriod","line":126,"loc":{"start":{"line":126,"column":2},"end":{"line":128,"column":2}}},"20":{"name":"setLidTreasury","line":130,"loc":{"start":{"line":130,"column":2},"end":{"line":134,"column":2}}},"21":{"name":"getLidTreasury","line":135,"loc":{"start":{"line":135,"column":2},"end":{"line":137,"column":2}}},"22":{"name":"setLidPoolManager","line":139,"loc":{"start":{"line":139,"column":2},"end":{"line":143,"column":2}}},"23":{"name":"getLidPoolManager","line":144,"loc":{"start":{"line":144,"column":2},"end":{"line":146,"column":2}}},"24":{"name":"setXethBP","line":148,"loc":{"start":{"line":148,"column":2},"end":{"line":171,"column":2}}},"25":{"name":"getBaseFeeBP","line":172,"loc":{"start":{"line":172,"column":2},"end":{"line":174,"column":2}}},"26":{"name":"getEthBuyBP","line":175,"loc":{"start":{"line":175,"column":2},"end":{"line":177,"column":2}}},"27":{"name":"getProjectDevBP","line":178,"loc":{"start":{"line":178,"column":2},"end":{"line":180,"column":2}}},"28":{"name":"getMainFeeBP","line":181,"loc":{"start":{"line":181,"column":2},"end":{"line":183,"column":2}}},"29":{"name":"getLidPoolBP","line":184,"loc":{"start":{"line":184,"column":2},"end":{"line":186,"column":2}}}},"statementMap":{"1":{"start":{"line":45,"column":4},"end":{"line":45,"column":38}},"2":{"start":{"line":49,"column":4},"end":{"line":49,"column":20}},"3":{"start":{"line":51,"column":4},"end":{"line":51,"column":34}},"4":{"start":{"line":54,"column":4},"end":{"line":54,"column":21}},"5":{"start":{"line":58,"column":4},"end":{"line":58,"column":21}},"6":{"start":{"line":60,"column":4},"end":{"line":60,"column":36}},"7":{"start":{"line":63,"column":4},"end":{"line":63,"column":22}},"8":{"start":{"line":67,"column":4},"end":{"line":67,"column":26}},"9":{"start":{"line":69,"column":4},"end":{"line":69,"column":46}},"10":{"start":{"line":72,"column":4},"end":{"line":72,"column":27}},"11":{"start":{"line":76,"column":4},"end":{"line":76,"column":25}},"12":{"start":{"line":78,"column":4},"end":{"line":78,"column":44}},"13":{"start":{"line":81,"column":4},"end":{"line":81,"column":26}},"14":{"start":{"line":85,"column":4},"end":{"line":85,"column":23}},"15":{"start":{"line":87,"column":4},"end":{"line":87,"column":40}},"16":{"start":{"line":90,"column":4},"end":{"line":90,"column":24}},"17":{"start":{"line":94,"column":4},"end":{"line":94,"column":14}},"18":{"start":{"line":96,"column":4},"end":{"line":96,"column":22}},"19":{"start":{"line":99,"column":4},"end":{"line":99,"column":15}},"20":{"start":{"line":103,"column":4},"end":{"line":103,"column":17}},"21":{"start":{"line":105,"column":4},"end":{"line":105,"column":28}},"22":{"start":{"line":108,"column":4},"end":{"line":108,"column":18}},"23":{"start":{"line":112,"column":4},"end":{"line":112,"column":23}},"24":{"start":{"line":114,"column":4},"end":{"line":114,"column":40}},"25":{"start":{"line":118,"column":4},"end":{"line":118,"column":24}},"26":{"start":{"line":122,"column":4},"end":{"line":122,"column":25}},"27":{"start":{"line":124,"column":4},"end":{"line":124,"column":44}},"28":{"start":{"line":127,"column":4},"end":{"line":127,"column":26}},"29":{"start":{"line":131,"column":4},"end":{"line":131,"column":21}},"30":{"start":{"line":133,"column":4},"end":{"line":133,"column":36}},"31":{"start":{"line":136,"column":4},"end":{"line":136,"column":22}},"32":{"start":{"line":140,"column":4},"end":{"line":140,"column":24}},"33":{"start":{"line":142,"column":4},"end":{"line":142,"column":42}},"34":{"start":{"line":145,"column":4},"end":{"line":145,"column":25}},"35":{"start":{"line":155,"column":4},"end":{"line":155,"column":4447}},"36":{"start":{"line":164,"column":4},"end":{"line":164,"column":23}},"37":{"start":{"line":165,"column":4},"end":{"line":165,"column":23}},"38":{"start":{"line":166,"column":4},"end":{"line":166,"column":31}},"39":{"start":{"line":167,"column":4},"end":{"line":167,"column":25}},"40":{"start":{"line":168,"column":4},"end":{"line":168,"column":25}},"41":{"start":{"line":170,"column":4},"end":{"line":170,"column":73}},"42":{"start":{"line":173,"column":4},"end":{"line":173,"column":18}},"43":{"start":{"line":176,"column":4},"end":{"line":176,"column":19}},"44":{"start":{"line":179,"column":4},"end":{"line":179,"column":23}},"45":{"start":{"line":182,"column":4},"end":{"line":182,"column":20}},"46":{"start":{"line":185,"column":4},"end":{"line":185,"column":20}}},"branchMap":{"1":{"line":155,"type":"if","locations":[{"start":{"line":155,"column":4},"end":{"line":155,"column":4}},{"start":{"line":155,"column":4},"end":{"line":155,"column":4}}]}}},"contracts\\weth\\WETH9.sol":{"l":{"36":0,"39":0,"40":0,"43":0,"44":0,"45":0,"46":0,"50":0,"54":0,"55":0,"56":0,"60":0,"67":0,"69":0,"70":0,"71":0,"74":0,"75":0,"77":0,"79":0},"path":"C:\\Users\\great\\repos\\liftoff-core-contracts\\contracts\\weth\\WETH9.sol","s":{"1":0,"2":0,"3":0,"4":0,"5":0,"6":0,"7":0,"8":0,"9":0,"10":0,"11":0,"12":0,"13":0,"14":0,"15":0,"16":0,"17":0,"18":0,"19":0,"20":0},"b":{"1":[0,0],"2":[0,0],"3":[0,0],"4":[0,0]},"f":{"1":0,"2":0,"3":0,"4":0,"5":0,"6":0,"7":0},"fnMap":{"1":{"name":"constructor","line":35,"loc":{"start":{"line":35,"column":4},"end":{"line":37,"column":4}}},"2":{"name":"deposit","line":38,"loc":{"start":{"line":38,"column":4},"end":{"line":41,"column":4}}},"3":{"name":"withdraw","line":42,"loc":{"start":{"line":42,"column":4},"end":{"line":47,"column":4}}},"4":{"name":"totalSupply","line":49,"loc":{"start":{"line":49,"column":4},"end":{"line":51,"column":4}}},"5":{"name":"approve","line":53,"loc":{"start":{"line":53,"column":4},"end":{"line":57,"column":4}}},"6":{"name":"transfer","line":59,"loc":{"start":{"line":59,"column":4},"end":{"line":61,"column":4}}},"7":{"name":"transferFrom","line":63,"loc":{"start":{"line":63,"column":4},"end":{"line":80,"column":4}}}},"statementMap":{"1":{"start":{"line":36,"column":8},"end":{"line":36,"column":16}},"2":{"start":{"line":39,"column":8},"end":{"line":39,"column":41}},"3":{"start":{"line":40,"column":8},"end":{"line":40,"column":43}},"4":{"start":{"line":43,"column":8},"end":{"line":43,"column":44}},"5":{"start":{"line":44,"column":8},"end":{"line":44,"column":35}},"6":{"start":{"line":45,"column":8},"end":{"line":45,"column":31}},"7":{"start":{"line":46,"column":8},"end":{"line":46,"column":40}},"8":{"start":{"line":50,"column":8},"end":{"line":50,"column":36}},"9":{"start":{"line":54,"column":8},"end":{"line":54,"column":39}},"10":{"start":{"line":55,"column":8},"end":{"line":55,"column":43}},"11":{"start":{"line":56,"column":8},"end":{"line":56,"column":19}},"12":{"start":{"line":60,"column":8},"end":{"line":60,"column":49}},"13":{"start":{"line":67,"column":8},"end":{"line":67,"column":37}},"14":{"start":{"line":69,"column":8},"end":{"line":69,"column":2354}},"15":{"start":{"line":70,"column":12},"end":{"line":70,"column":53}},"16":{"start":{"line":71,"column":12},"end":{"line":71,"column":44}},"17":{"start":{"line":74,"column":8},"end":{"line":74,"column":28}},"18":{"start":{"line":75,"column":8},"end":{"line":75,"column":28}},"19":{"start":{"line":77,"column":8},"end":{"line":77,"column":36}},"20":{"start":{"line":79,"column":8},"end":{"line":79,"column":19}}},"branchMap":{"1":{"line":43,"type":"if","locations":[{"start":{"line":43,"column":8},"end":{"line":43,"column":8}},{"start":{"line":43,"column":8},"end":{"line":43,"column":8}}]},"2":{"line":67,"type":"if","locations":[{"start":{"line":67,"column":8},"end":{"line":67,"column":8}},{"start":{"line":67,"column":8},"end":{"line":67,"column":8}}]},"3":{"line":69,"type":"if","locations":[{"start":{"line":69,"column":8},"end":{"line":69,"column":8}},{"start":{"line":69,"column":8},"end":{"line":69,"column":8}}]},"4":{"line":70,"type":"if","locations":[{"start":{"line":70,"column":12},"end":{"line":70,"column":12}},{"start":{"line":70,"column":12},"end":{"line":70,"column":12}}]}}},"contracts\\xlock\\IXeth.sol":{"l":{},"path":"C:\\Users\\great\\repos\\liftoff-core-contracts\\contracts\\xlock\\IXeth.sol","s":{},"b":{},"f":{},"fnMap":{},"statementMap":{},"branchMap":{}},"contracts\\xlock\\IXlocker.sol":{"l":{},"path":"C:\\Users\\great\\repos\\liftoff-core-contracts\\contracts\\xlock\\IXlocker.sol","s":{},"b":{},"f":{},"fnMap":{},"statementMap":{},"branchMap":{}}}